<?xml version="1.0" encoding="UTF-8"?>
<!-- Generated by org.testng.reporters.JUnitXMLReporter -->
<testsuite ignored="0" hostname="Administrator" failures="0" tests="21" name="Surefire test" time="0.082" errors="0" timestamp="2024-12-10T21:32:15 WET">
  <testcase classname="es.ull.flights.FlightTest" name="testAddAndRemovePassengerMultipleTimes" time="0.009"/>
  <testcase classname="es.ull.flights.FlightTest" name="testAddDuplicatePassenger" time="0.001"/>
  <testcase classname="es.ull.flights.FlightTest" name="testAddPassenger" time="0.0"/>
  <testcase classname="es.ull.flights.FlightTest" name="testExceedingCapacity" time="0.002"/>
  <testcase classname="es.ull.flights.FlightTest" name="testFillFlightToCapacity" time="0.001"/>
  <testcase classname="es.ull.flights.FlightTest" name="testFlightWithNoPassengers" time="0.0"/>
  <testcase classname="es.ull.flights.FlightTest" name="testInvalidFlightNumber" time="0.001"/>
  <testcase classname="es.ull.flights.FlightTest" name="testRemoveNonexistentPassenger" time="0.0"/>
  <testcase classname="es.ull.flights.FlightTest" name="testRemovePassenger" time="0.0"/>
  <testcase classname="es.ull.flights.FlightTest" name="testRemovePassengerFromEmptyFlight" time="0.001"/>
  <testcase classname="es.ull.flights.FlightTest" name="testValidFlightNumber" time="0.001"/>
  <testcase classname="es.ull.passengers.PassengerTest" name="testCannotJoinFullFlight" time="0.0"/>
  <testcase classname="es.ull.passengers.PassengerTest" name="testCannotJoinRejectedFlight" time="0.0"/>
  <testcase classname="es.ull.passengers.PassengerTest" name="testCannotLeavePreviousFlight" time="0.0"/>
  <testcase classname="es.ull.passengers.PassengerTest" name="testInvalidCountryCode" time="0.001"/>
  <testcase classname="es.ull.passengers.PassengerTest" name="testJoinFlight" time="0.001"/>
  <testcase classname="es.ull.passengers.PassengerTest" name="testLeaveFlight" time="0.001"/>
  <testcase classname="es.ull.passengers.PassengerTest" name="testRejoinSameFlight" time="0.0"/>
  <testcase classname="es.ull.passengers.PassengerTest" name="testSwitchFlights" time="0.0"/>
  <testcase classname="es.ull.passengers.PassengerTest" name="testToString" time="0.0"/>
  <testcase classname="es.ull.passengers.PassengerTest" name="testValidPassengerCreation" time="0.0"/>
</testsuite> <!-- Surefire test -->
