<?xml version="1.0" encoding="UTF-8"?>
<testsuite xmlns:xsi="http://www.w3.org/2001/XMLSchema-instance" xsi:noNamespaceSchemaLocation="https://maven.apache.org/surefire/maven-surefire-plugin/xsd/surefire-test-report.xsd" name="TestSuite" time="0.655" tests="21" errors="0" skipped="0" failures="0">
  <properties>
[...]
</properties>
  <testcase name="testAddAndRemovePassengerMultipleTimes" classname="es.ull.flights.FlightTest" time="0.011"/>
  <testcase name="testAddDuplicatePassenger" classname="es.ull.flights.FlightTest" time="0"/>
  <testcase name="testAddPassenger" classname="es.ull.flights.FlightTest" time="0"/>
  <testcase name="testExceedingCapacity" classname="es.ull.flights.FlightTest" time="0.002"/>
  <testcase name="testFillFlightToCapacity" classname="es.ull.flights.FlightTest" time="0"/>
  <testcase name="testFlightWithNoPassengers" classname="es.ull.flights.FlightTest" time="0"/>
  <testcase name="testInvalidFlightNumber" classname="es.ull.flights.FlightTest" time="0.001"/>
  <testcase name="testRemoveNonexistentPassenger" classname="es.ull.flights.FlightTest" time="0"/>
  <testcase name="testRemovePassenger" classname="es.ull.flights.FlightTest" time="0"/>
  <testcase name="testRemovePassengerFromEmptyFlight" classname="es.ull.flights.FlightTest" time="0.001"/>
  <testcase name="testValidFlightNumber" classname="es.ull.flights.FlightTest" time="0.001"/>
  <testcase name="testCannotJoinFullFlight" classname="es.ull.passengers.PassengerTest" time="0"/>
  <testcase name="testCannotJoinRejectedFlight" classname="es.ull.passengers.PassengerTest" time="0.001"/>
  <testcase name="testCannotLeavePreviousFlight" classname="es.ull.passengers.PassengerTest" time="0.001"/>
  <testcase name="testInvalidCountryCode" classname="es.ull.passengers.PassengerTest" time="0.001"/>
  <testcase name="testJoinFlight" classname="es.ull.passengers.PassengerTest" time="0"/>
  <testcase name="testLeaveFlight" classname="es.ull.passengers.PassengerTest" time="0.001"/>
  <testcase name="testRejoinSameFlight" classname="es.ull.passengers.PassengerTest" time="0"/>
  <testcase name="testSwitchFlights" classname="es.ull.passengers.PassengerTest" time="0"/>
  <testcase name="testToString" classname="es.ull.passengers.PassengerTest" time="0"/>
  <testcase name="testValidPassengerCreation" classname="es.ull.passengers.PassengerTest" time="0"/>
</testsuite>